Sending build context to Docker daemon  1.139GB
Step 1/9 : FROM duckietown/duckieos
 ---> 8aa16f98590f
Step 2/9 : MAINTAINER Breandan Considine breandan.considine@umontreal.ca
 ---> Using cache
 ---> 5473abf64528
Step 3/9 : RUN [ "cross-build-start" ]
 ---> Using cache
 ---> d2a3b29604d9
Step 4/9 : RUN mkdir /home/software
 ---> Using cache
 ---> a3e2ccf39eef
Step 5/9 : COPY . /home/software/
 ---> 146f4094822e
Step 6/9 : RUN /bin/bash -c "source /home/software/environment.sh && catkin_make -C /home/software/catkin_ws/"
 ---> Running in 175a18355b25
Activating ROS with shell: /bin/bash
Set DUCKIETOWN_ROOT to: /home/software
Set PYTHONPATH to: /home/software/catkin_ws/src:/opt/ros/kinetic/lib/python2.7/dist-packages
Activating development environment...
[91m/home/software/environment.sh: line 31: /home/software/catkin_ws/devel/setup.bash: No such file or directory
[0m-- The C compiler identification is GNU 5.4.0
-- The CXX compiler identification is GNU 5.4.0
-- Check for working C compiler: /usr/bin/cc
-- Check for working C compiler: /usr/bin/cc -- works
-- Detecting C compiler ABI info
-- Detecting C compiler ABI info - done
-- Detecting C compile features
-- Detecting C compile features - done
-- Check for working CXX compiler: /usr/bin/c++
-- Check for working CXX compiler: /usr/bin/c++ -- works
-- Detecting CXX compiler ABI info
-- Detecting CXX compiler ABI info - done
-- Detecting CXX compile features
-- Detecting CXX compile features - done
-- Using CATKIN_DEVEL_PREFIX: /home/software/catkin_ws/devel
-- Using CMAKE_PREFIX_PATH: /opt/ros/kinetic
-- This workspace overlays: /opt/ros/kinetic
-- Found PythonInterp: /usr/bin/python (found version "2.7.12") 
-- Using PYTHON_EXECUTABLE: /usr/bin/python
-- Using Debian Python package layout
-- Using empy: /usr/bin/empy
[91mqemu: Unsupported syscall: 384
[0m[91mqemu: Unsupported syscall: 384
[0m[91mqemu: Unsupported syscall: 384
[0m[91mqemu: Unsupported syscall: 384
[0m-- Using CATKIN_ENABLE_TESTING: ON
-- Call enable_testing()
-- Using CATKIN_TEST_RESULTS_DIR: /home/software/catkin_ws/build/test_results
-- Found gmock sources under '/usr/src/gmock': gmock will be built
-- Looking for pthread.h
-- Looking for pthread.h - found
-- Looking for pthread_create
-- Looking for pthread_create - not found
-- Looking for pthread_create in pthreads
-- Looking for pthread_create in pthreads - not found
-- Looking for pthread_create in pthread
-- Looking for pthread_create in pthread - found
-- Found Threads: TRUE  
-- Found gtest sources under '/usr/src/gmock': gtests will be built
-- Using Python nosetests: /usr/bin/nosetests-2.7
-- catkin 0.7.11
